<?xml version="1.0" encoding="UTF-8"?>
<!-- Generated by org.testng.reporters.JUnitReportReporter -->
<testsuite skipped="0" hostname="LAPTOP-L1BFDSGL" name="xboxLiveTestFramework.NewTest" tests="2" failures="0" timestamp="10 Jan 2018 03:02:52 GMT" time="0.011" errors="0">
  <testcase name="printLine" time="0.001" classname="xboxLiveTestFramework.NewTest"/>
  <testcase name="f" time="0.010" classname="xboxLiveTestFramework.NewTest"/>
</testsuite> <!-- xboxLiveTestFramework.NewTest -->
