<?xml version="1.0" encoding="UTF-8"?>
<!-- Generated by org.testng.reporters.JUnitReportReporter -->
<testsuite skipped="0" hostname="LAPTOP-L1BFDSGL" name="NewTest" tests="3" failures="0" timestamp="08 Jan 2018 02:14:46 GMT" time="0.026" errors="0">
  <testcase name="printLine" time="0.003" classname="NewTest"/>
  <testcase name="printLine2" time="0.002" classname="NewTest"/>
  <testcase name="f" time="0.021" classname="NewTest"/>
</testsuite> <!-- NewTest -->
