<?xml version="1.0" encoding="UTF-8"?>
<!-- Generated by org.testng.reporters.JUnitReportReporter -->
<testsuite skipped="0" hostname="LAPTOP-L1BFDSGL" name="xboxLiveTestFramework.UnitContentTest" tests="9" failures="0" timestamp="09 Jan 2018 19:47:31 GMT" time="0.770" errors="0">
  <testcase name="checkMainFriends" time="0.042" classname="xboxLiveTestFramework.UnitContentTest"/>
  <testcase name="checkMainProfile" time="0.061" classname="xboxLiveTestFramework.UnitContentTest"/>
  <testcase name="checkMainClubs" time="0.049" classname="xboxLiveTestFramework.UnitContentTest"/>
  <testcase name="checkMainMessages" time="0.268" classname="xboxLiveTestFramework.UnitContentTest"/>
  <testcase name="checkMainMyGame" time="0.039" classname="xboxLiveTestFramework.UnitContentTest"/>
  <testcase name="checkMainAchievements" time="0.094" classname="xboxLiveTestFramework.UnitContentTest"/>
  <testcase name="checkMainHome" time="0.040" classname="xboxLiveTestFramework.UnitContentTest"/>
  <testcase name="checkSignInComponent" time="0.110" classname="xboxLiveTestFramework.UnitContentTest"/>
  <testcase name="checkMainTrending" time="0.067" classname="xboxLiveTestFramework.UnitContentTest"/>
</testsuite> <!-- xboxLiveTestFramework.UnitContentTest -->
