<?xml version="1.0" encoding="UTF-8"?>
<!-- Generated by org.testng.reporters.JUnitReportReporter -->
<testsuite skipped="0" hostname="LAPTOP-L1BFDSGL" name="XboxLiveTestFramework.FunctionalTest" tests="1" failures="0" timestamp="08 Jan 2018 18:19:01 GMT" time="0.138" errors="0">
  <testcase name="f" time="0.138" classname="XboxLiveTestFramework.FunctionalTest"/>
</testsuite> <!-- XboxLiveTestFramework.FunctionalTest -->
