<?xml version="1.0" encoding="UTF-8"?>
<!-- Generated by org.testng.reporters.JUnitReportReporter -->
<testsuite skipped="0" hostname="LAPTOP-L1BFDSGL" name="xboxLiveTestFramework_Tests.FriendsAndClubsSideBarTest" tests="6" failures="0" timestamp="21 Jan 2018 06:24:04 GMT" time="223.007" errors="1">
  <testcase name="navigatingToFaceBook" time="17.631" classname="xboxLiveTestFramework_Tests.FriendsAndClubsSideBarTest"/>
  <testcase name="findByText" time="18.860" classname="xboxLiveTestFramework_Tests.FriendsAndClubsSideBarTest"/>
  <testcase name="seeAllFilter" time="96.006" classname="xboxLiveTestFramework_Tests.FriendsAndClubsSideBarTest"/>
  <testcase name="viewAccounts" time="6.458" classname="xboxLiveTestFramework_Tests.FriendsAndClubsSideBarTest">
    <error type="java.lang.NullPointerException">
      <![CDATA[java.lang.NullPointerExceptionat java.util.ArrayList.addAll(Unknown Source)at xboxLivePageObjects_Lib.FriendsandClubsComponent.viewAccount(FriendsandClubsComponent.java:167)at xboxLiveTestFramework_Tests.FriendsAndClubsSideBarTest.viewAccounts(FriendsAndClubsSideBarTest.java:94)at sun.reflect.NativeMethodAccessorImpl.invoke0(Native Method)at sun.reflect.NativeMethodAccessorImpl.invoke(Unknown Source)at sun.reflect.DelegatingMethodAccessorImpl.invoke(Unknown Source)at java.lang.reflect.Method.invoke(Unknown Source)at org.testng.internal.MethodInvocationHelper.invokeMethod(MethodInvocationHelper.java:124)at org.testng.internal.Invoker.invokeMethod(Invoker.java:571)at org.testng.internal.Invoker.invokeTestMethod(Invoker.java:707)at org.testng.internal.Invoker.invokeTestMethods(Invoker.java:979)at org.testng.internal.TestMethodWorker.invokeTestMethods(TestMethodWorker.java:125)at org.testng.internal.TestMethodWorker.run(TestMethodWorker.java:109)at org.testng.TestRunner.privateRun(TestRunner.java:648)at org.testng.TestRunner.run(TestRunner.java:505)at org.testng.SuiteRunner.runTest(SuiteRunner.java:455)at org.testng.SuiteRunner.runSequentially(SuiteRunner.java:450)at org.testng.SuiteRunner.privateRun(SuiteRunner.java:415)at org.testng.SuiteRunner.run(SuiteRunner.java:364)at org.testng.SuiteRunnerWorker.runSuite(SuiteRunnerWorker.java:52)at org.testng.SuiteRunnerWorker.run(SuiteRunnerWorker.java:84)at org.testng.TestNG.runSuitesSequentially(TestNG.java:1187)at org.testng.TestNG.runSuitesLocally(TestNG.java:1116)at org.testng.TestNG.runSuites(TestNG.java:1028)at org.testng.TestNG.run(TestNG.java:996)at org.apache.maven.surefire.testng.TestNGExecutor.run(TestNGExecutor.java:283)at org.apache.maven.surefire.testng.TestNGXmlTestSuite.execute(TestNGXmlTestSuite.java:75)at org.apache.maven.surefire.testng.TestNGProvider.invoke(TestNGProvider.java:120)at org.apache.maven.surefire.booter.ForkedBooter.invokeProviderInSameClassLoader(ForkedBooter.java:373)at org.apache.maven.surefire.booter.ForkedBooter.runSuitesInProcess(ForkedBooter.java:334)at org.apache.maven.surefire.booter.ForkedBooter.execute(ForkedBooter.java:119)at org.apache.maven.surefire.booter.ForkedBooter.main(ForkedBooter.java:407)]]>
    </error>
  </testcase> <!-- viewAccounts -->
  <testcase name="generalFilters" time="68.262" classname="xboxLiveTestFramework_Tests.FriendsAndClubsSideBarTest"/>
  <testcase name="removeSuggestions" time="15.790" classname="xboxLiveTestFramework_Tests.FriendsAndClubsSideBarTest"/>
</testsuite> <!-- xboxLiveTestFramework_Tests.FriendsAndClubsSideBarTest -->
