<?xml version="1.0" encoding="UTF-8"?>
<!-- Generated by org.testng.reporters.JUnitReportReporter -->
<testsuite skipped="0" hostname="LAPTOP-L1BFDSGL" name="xboxLiveTestFramework_Tests.RegressionTest" tests="1" failures="0" timestamp="14 Jan 2018 21:02:01 GMT" time="12.543" errors="0">
  <testcase name="regression" time="12.543" classname="xboxLiveTestFramework_Tests.RegressionTest"/>
</testsuite> <!-- xboxLiveTestFramework_Tests.RegressionTest -->
