<?xml version="1.0" encoding="UTF-8"?>
<!-- Generated by org.testng.reporters.JUnitReportReporter -->
<testsuite skipped="0" hostname="LAPTOP-L1BFDSGL" name="xboxLiveTestFramework_Tests.SignInProfileTest" tests="7" failures="0" timestamp="14 Jan 2018 21:02:01 GMT" time="333.252" errors="0">
  <testcase name="signUpMainToXboxFriends" time="37.513" classname="xboxLiveTestFramework_Tests.SignInProfileTest"/>
  <testcase name="signUpMainToXboxTrendOnLive" time="124.767" classname="xboxLiveTestFramework_Tests.SignInProfileTest"/>
  <testcase name="signUpMainToXboxHome" time="34.386" classname="xboxLiveTestFramework_Tests.SignInProfileTest"/>
  <testcase name="signUpFromMainToProfile" time="40.159" classname="xboxLiveTestFramework_Tests.SignInProfileTest"/>
  <testcase name="signUpMainToXboxAchievements" time="33.980" classname="xboxLiveTestFramework_Tests.SignInProfileTest"/>
  <testcase name="signUpMainToXboxMyGames" time="32.965" classname="xboxLiveTestFramework_Tests.SignInProfileTest"/>
  <testcase name="signUpMainToXboxMessages" time="29.482" classname="xboxLiveTestFramework_Tests.SignInProfileTest"/>
</testsuite> <!-- xboxLiveTestFramework_Tests.SignInProfileTest -->
