<?xml version="1.0" encoding="UTF-8"?>
<!-- Generated by org.testng.reporters.JUnitReportReporter -->
<testsuite skipped="1" hostname="LAPTOP-L1BFDSGL" name="xboxLiveTestFramework_Tests.RegressionTest" tests="1" failures="0" timestamp="16 Jan 2018 09:37:28 GMT" time="0.000" errors="0">
  <testcase name="regression" time="0.000" classname="xboxLiveTestFramework_Tests.RegressionTest">
    <skipped/>
  </testcase> <!-- regression -->
</testsuite> <!-- xboxLiveTestFramework_Tests.RegressionTest -->
