<?xml version="1.0" encoding="UTF-8"?>
<!-- Generated by org.testng.reporters.JUnitReportReporter -->
<testsuite skipped="0" hostname="LAPTOP-L1BFDSGL" name="xboxLiveTestFramework_Tests.MyXboxHomePageTest" tests="1" failures="0" timestamp="17 Jan 2018 01:22:12 GMT" time="18.870" errors="0">
  <testcase name="postNewMessage" time="18.870" classname="xboxLiveTestFramework_Tests.MyXboxHomePageTest"/>
</testsuite> <!-- xboxLiveTestFramework_Tests.MyXboxHomePageTest -->
