<?xml version="1.0" encoding="UTF-8"?>
<!-- Generated by org.testng.reporters.JUnitReportReporter -->
<testsuite skipped="1" hostname="LAPTOP-L1BFDSGL" name="xboxLiveTestFramework_Tests.MyXboxHeaderTest" tests="3" failures="0" timestamp="03 Feb 2018 07:36:57 GMT" time="186.040" errors="0">
  <testcase name="startFromHomePage" time="34.413" classname="xboxLiveTestFramework_Tests.MyXboxHeaderTest">
    <skipped/>
  </testcase> <!-- startFromHomePage -->
  <testcase name="startFromHomePage" time="135.549" classname="xboxLiveTestFramework_Tests.MyXboxHeaderTest"/>
  <testcase name="headerArrorwTab" time="16.078" classname="xboxLiveTestFramework_Tests.MyXboxHeaderTest"/>
</testsuite> <!-- xboxLiveTestFramework_Tests.MyXboxHeaderTest -->
