<?xml version="1.0" encoding="UTF-8"?>
<!-- Generated by org.testng.reporters.JUnitReportReporter -->
<testsuite skipped="0" hostname="LAPTOP-L1BFDSGL" name="xboxLiveTestFramework_Tests.SignInProfileTest" tests="7" failures="0" timestamp="14 Jan 2018 22:10:10 GMT" time="317.861" errors="0">
  <testcase name="signUpMainToXboxHome" time="35.709" classname="xboxLiveTestFramework_Tests.SignInProfileTest"/>
  <testcase name="signUpMainToXboxAchievements" time="35.749" classname="xboxLiveTestFramework_Tests.SignInProfileTest"/>
  <testcase name="signUpMainToXboxFriends" time="32.973" classname="xboxLiveTestFramework_Tests.SignInProfileTest"/>
  <testcase name="signUpFromMainToProfile" time="43.843" classname="xboxLiveTestFramework_Tests.SignInProfileTest"/>
  <testcase name="signUpMainToXboxTrendOnLive" time="105.305" classname="xboxLiveTestFramework_Tests.SignInProfileTest"/>
  <testcase name="signUpMainToXboxMyGames" time="31.849" classname="xboxLiveTestFramework_Tests.SignInProfileTest"/>
  <testcase name="signUpMainToXboxMessages" time="32.433" classname="xboxLiveTestFramework_Tests.SignInProfileTest"/>
</testsuite> <!-- xboxLiveTestFramework_Tests.SignInProfileTest -->
