<?xml version="1.0" encoding="UTF-8"?>
<!-- Generated by org.testng.reporters.JUnitReportReporter -->
<testsuite skipped="0" hostname="LAPTOP-L1BFDSGL" name="xboxLiveTestFramework_Tests.MyXboxCustomizeProfileTest" tests="5" failures="0" timestamp="04 Feb 2018 03:23:19 GMT" time="199.837" errors="0">
  <testcase name="editBioAndLocationInfo" time="119.677" classname="xboxLiveTestFramework_Tests.MyXboxCustomizeProfileTest"/>
  <testcase name="clickEditGamerTagLink" time="17.684" classname="xboxLiveTestFramework_Tests.MyXboxCustomizeProfileTest"/>
  <testcase name="updateProfilePic" time="23.523" classname="xboxLiveTestFramework_Tests.MyXboxCustomizeProfileTest"/>
  <testcase name="goToCustomizePage" time="19.710" classname="xboxLiveTestFramework_Tests.MyXboxCustomizeProfileTest"/>
  <testcase name="clickAvatarLink" time="19.243" classname="xboxLiveTestFramework_Tests.MyXboxCustomizeProfileTest"/>
</testsuite> <!-- xboxLiveTestFramework_Tests.MyXboxCustomizeProfileTest -->
