<?xml version="1.0" encoding="UTF-8"?>
<!-- Generated by org.testng.reporters.JUnitReportReporter -->
<testsuite skipped="9" hostname="LAPTOP-L1BFDSGL" name="xboxLiveTestFramework_Tests.UnitContentTest" tests="9" failures="0" timestamp="16 Jan 2018 09:37:28 GMT" time="0.000" errors="0">
  <testcase name="checkMainHome" time="0.000" classname="xboxLiveTestFramework_Tests.UnitContentTest">
    <skipped/>
  </testcase> <!-- checkMainHome -->
  <testcase name="checkMainFriends" time="0.000" classname="xboxLiveTestFramework_Tests.UnitContentTest">
    <skipped/>
  </testcase> <!-- checkMainFriends -->
  <testcase name="checkMainAchievements" time="0.000" classname="xboxLiveTestFramework_Tests.UnitContentTest">
    <skipped/>
  </testcase> <!-- checkMainAchievements -->
  <testcase name="checkMainMessages" time="0.000" classname="xboxLiveTestFramework_Tests.UnitContentTest">
    <skipped/>
  </testcase> <!-- checkMainMessages -->
  <testcase name="checkMainMyGame" time="0.000" classname="xboxLiveTestFramework_Tests.UnitContentTest">
    <skipped/>
  </testcase> <!-- checkMainMyGame -->
  <testcase name="checkMainClubs" time="0.000" classname="xboxLiveTestFramework_Tests.UnitContentTest">
    <skipped/>
  </testcase> <!-- checkMainClubs -->
  <testcase name="checkMainTrending" time="0.000" classname="xboxLiveTestFramework_Tests.UnitContentTest">
    <skipped/>
  </testcase> <!-- checkMainTrending -->
  <testcase name="checkSignInComponent" time="0.000" classname="xboxLiveTestFramework_Tests.UnitContentTest">
    <skipped/>
  </testcase> <!-- checkSignInComponent -->
  <testcase name="checkMainProfile" time="0.000" classname="xboxLiveTestFramework_Tests.UnitContentTest">
    <skipped/>
  </testcase> <!-- checkMainProfile -->
</testsuite> <!-- xboxLiveTestFramework_Tests.UnitContentTest -->
