<?xml version="1.0" encoding="UTF-8"?>
<!-- Generated by org.testng.reporters.JUnitReportReporter -->
<testsuite skipped="0" hostname="LAPTOP-L1BFDSGL" name="xboxLiveTestFramework_Tests.MyXboxProfilePageTest" tests="4" failures="0" timestamp="14 Feb 2018 20:20:44 GMT" time="70.050" errors="0">
  <testcase name="gameListFilter" time="12.049" classname="xboxLiveTestFramework_Tests.MyXboxProfilePageTest"/>
  <testcase name="gameListLink" time="23.634" classname="xboxLiveTestFramework_Tests.MyXboxProfilePageTest"/>
  <testcase name="achievementContent" time="9.378" classname="xboxLiveTestFramework_Tests.MyXboxProfilePageTest"/>
  <testcase name="comparePlayers" time="24.989" classname="xboxLiveTestFramework_Tests.MyXboxProfilePageTest"/>
</testsuite> <!-- xboxLiveTestFramework_Tests.MyXboxProfilePageTest -->
