<?xml version="1.0" encoding="UTF-8"?>
<!-- Generated by org.testng.reporters.JUnitReportReporter -->
<testsuite skipped="0" hostname="LAPTOP-L1BFDSGL" name="xboxLiveTestFramework_Tests.SignInProfileTest" tests="4" failures="0" timestamp="04 Feb 2018 05:52:42 GMT" time="80.699" errors="0">
  <testcase name="mainPageContentCheck" time="6.481" classname="xboxLiveTestFramework_Tests.SignInProfileTest"/>
  <testcase name="contentSignInPage" time="24.446" classname="xboxLiveTestFramework_Tests.SignInProfileTest"/>
  <testcase name="signInIncorrectEmail" time="22.343" classname="xboxLiveTestFramework_Tests.SignInProfileTest"/>
  <testcase name="signInIncorrectPW" time="27.429" classname="xboxLiveTestFramework_Tests.SignInProfileTest"/>
</testsuite> <!-- xboxLiveTestFramework_Tests.SignInProfileTest -->
