<?xml version="1.0" encoding="UTF-8"?>
<!-- Generated by org.testng.reporters.JUnitReportReporter -->
<testsuite skipped="0" hostname="LAPTOP-L1BFDSGL" name="xboxLiveTestFramework_Tests.UnitContentTest" tests="9" failures="0" timestamp="14 Jan 2018 22:26:25 GMT" time="1.362" errors="0">
  <testcase name="checkMainAchievements" time="0.134" classname="xboxLiveTestFramework_Tests.UnitContentTest"/>
  <testcase name="checkMainFriends" time="0.090" classname="xboxLiveTestFramework_Tests.UnitContentTest"/>
  <testcase name="checkMainTrending" time="0.097" classname="xboxLiveTestFramework_Tests.UnitContentTest"/>
  <testcase name="checkMainClubs" time="0.066" classname="xboxLiveTestFramework_Tests.UnitContentTest"/>
  <testcase name="checkMainMyGame" time="0.074" classname="xboxLiveTestFramework_Tests.UnitContentTest"/>
  <testcase name="checkSignInComponent" time="0.161" classname="xboxLiveTestFramework_Tests.UnitContentTest"/>
  <testcase name="checkMainProfile" time="0.553" classname="xboxLiveTestFramework_Tests.UnitContentTest"/>
  <testcase name="checkMainMessages" time="0.088" classname="xboxLiveTestFramework_Tests.UnitContentTest"/>
  <testcase name="checkMainHome" time="0.099" classname="xboxLiveTestFramework_Tests.UnitContentTest"/>
</testsuite> <!-- xboxLiveTestFramework_Tests.UnitContentTest -->
