<?xml version="1.0" encoding="UTF-8"?>
<!-- Generated by org.testng.reporters.JUnitReportReporter -->
<testsuite skipped="0" hostname="LAPTOP-L1BFDSGL" name="xboxLiveTestFramework_Tests.RegressionTest" tests="1" failures="0" timestamp="14 Jan 2018 22:10:10 GMT" time="11.118" errors="0">
  <testcase name="regression" time="11.118" classname="xboxLiveTestFramework_Tests.RegressionTest"/>
</testsuite> <!-- xboxLiveTestFramework_Tests.RegressionTest -->
