<?xml version="1.0" encoding="UTF-8"?>
<!-- Generated by org.testng.reporters.JUnitReportReporter -->
<testsuite skipped="7" hostname="LAPTOP-L1BFDSGL" name="xboxLiveTestFramework_Tests.SignInProfileTest" tests="7" failures="0" timestamp="16 Jan 2018 09:37:28 GMT" time="0.000" errors="0">
  <testcase name="signUpMainToXboxTrendOnLive" time="0.000" classname="xboxLiveTestFramework_Tests.SignInProfileTest">
    <skipped/>
  </testcase> <!-- signUpMainToXboxTrendOnLive -->
  <testcase name="signUpMainToXboxMyGames" time="0.000" classname="xboxLiveTestFramework_Tests.SignInProfileTest">
    <skipped/>
  </testcase> <!-- signUpMainToXboxMyGames -->
  <testcase name="signUpMainToXboxHome" time="0.000" classname="xboxLiveTestFramework_Tests.SignInProfileTest">
    <skipped/>
  </testcase> <!-- signUpMainToXboxHome -->
  <testcase name="signUpFromMainToProfile" time="0.000" classname="xboxLiveTestFramework_Tests.SignInProfileTest">
    <skipped/>
  </testcase> <!-- signUpFromMainToProfile -->
  <testcase name="signUpMainToXboxAchievements" time="0.000" classname="xboxLiveTestFramework_Tests.SignInProfileTest">
    <skipped/>
  </testcase> <!-- signUpMainToXboxAchievements -->
  <testcase name="signUpMainToXboxFriends" time="0.000" classname="xboxLiveTestFramework_Tests.SignInProfileTest">
    <skipped/>
  </testcase> <!-- signUpMainToXboxFriends -->
  <testcase name="signUpMainToXboxMessages" time="0.000" classname="xboxLiveTestFramework_Tests.SignInProfileTest">
    <skipped/>
  </testcase> <!-- signUpMainToXboxMessages -->
</testsuite> <!-- xboxLiveTestFramework_Tests.SignInProfileTest -->
