<?xml version="1.0" encoding="UTF-8"?>
<!-- Generated by org.testng.reporters.JUnitReportReporter -->
<testsuite skipped="1" hostname="LAPTOP-L1BFDSGL" name="xboxLiveTestFramework_Tests.SignInProfileTest" tests="8" failures="0" timestamp="28 Jan 2018 06:50:39 GMT" time="330.215" errors="0">
  <testcase name="signUpMainToXboxFriends" time="30.477" classname="xboxLiveTestFramework_Tests.SignInProfileTest"/>
  <testcase name="signUpMainToXboxMyGames" time="30.591" classname="xboxLiveTestFramework_Tests.SignInProfileTest"/>
  <testcase name="signUpFromMainToProfile" time="30.845" classname="xboxLiveTestFramework_Tests.SignInProfileTest"/>
  <testcase name="signUpMainToXboxHome" time="37.763" classname="xboxLiveTestFramework_Tests.SignInProfileTest"/>
  <testcase name="signUpMainToXboxAchievements" time="30.182" classname="xboxLiveTestFramework_Tests.SignInProfileTest">
    <skipped/>
  </testcase> <!-- signUpMainToXboxAchievements -->
  <testcase name="signUpMainToXboxTrendOnLive" time="104.779" classname="xboxLiveTestFramework_Tests.SignInProfileTest"/>
  <testcase name="signUpMainToXboxMessages" time="30.116" classname="xboxLiveTestFramework_Tests.SignInProfileTest"/>
  <testcase name="signUpMainToXboxAchievements" time="35.462" classname="xboxLiveTestFramework_Tests.SignInProfileTest"/>
</testsuite> <!-- xboxLiveTestFramework_Tests.SignInProfileTest -->
