<?xml version="1.0" encoding="UTF-8"?>
<!-- Generated by org.testng.reporters.JUnitReportReporter -->
<testsuite skipped="0" hostname="LAPTOP-L1BFDSGL" name="xboxLiveTestFramework_Tests.UnitContentTest" tests="9" failures="0" timestamp="14 Jan 2018 21:02:01 GMT" time="1.185" errors="0">
  <testcase name="checkMainTrending" time="0.087" classname="xboxLiveTestFramework_Tests.UnitContentTest"/>
  <testcase name="checkSignInComponent" time="0.521" classname="xboxLiveTestFramework_Tests.UnitContentTest"/>
  <testcase name="checkMainAchievements" time="0.097" classname="xboxLiveTestFramework_Tests.UnitContentTest"/>
  <testcase name="checkMainFriends" time="0.075" classname="xboxLiveTestFramework_Tests.UnitContentTest"/>
  <testcase name="checkMainMyGame" time="0.098" classname="xboxLiveTestFramework_Tests.UnitContentTest"/>
  <testcase name="checkMainClubs" time="0.069" classname="xboxLiveTestFramework_Tests.UnitContentTest"/>
  <testcase name="checkMainHome" time="0.046" classname="xboxLiveTestFramework_Tests.UnitContentTest"/>
  <testcase name="checkMainProfile" time="0.099" classname="xboxLiveTestFramework_Tests.UnitContentTest"/>
  <testcase name="checkMainMessages" time="0.093" classname="xboxLiveTestFramework_Tests.UnitContentTest"/>
</testsuite> <!-- xboxLiveTestFramework_Tests.UnitContentTest -->
